<?xml version="1.0" encoding="UTF-8"?>
<!-- Generated by org.testng.reporters.JUnitReportReporter -->
<testsuite skipped="0" hostname="DESKTOP-O1MODL2" name="mavenpackage.Skype" tests="1" failures="0" timestamp="31 Mar 2019 21:15:10 GMT" time="39.365" errors="0">
  <testcase name="signup" time="39.365" classname="mavenpackage.Skype"/>
</testsuite> <!-- mavenpackage.Skype -->
