<?xml version="1.0" encoding="UTF-8"?>
<!-- Generated by org.testng.reporters.JUnitReportReporter -->
<testsuite skipped="0" hostname="DESKTOP-O1MODL2" name="mavenpackage.Waysmsm" tests="1" failures="0" timestamp="01 Apr 2019 20:21:23 GMT" time="30.258" errors="0">
  <testcase name="m5" time="30.258" classname="mavenpackage.Waysmsm"/>
</testsuite> <!-- mavenpackage.Waysmsm -->
