<?xml version="1.0" encoding="UTF-8"?>
<!-- Generated by org.testng.reporters.JUnitReportReporter -->
<testsuite skipped="0" hostname="DESKTOP-O1MODL2" name="mavenpackage.Multiselect" tests="1" failures="0" timestamp="02 Apr 2019 06:10:46 GMT" time="81.785" errors="0">
  <testcase name="m5" time="81.785" classname="mavenpackage.Multiselect"/>
</testsuite> <!-- mavenpackage.Multiselect -->
