<?xml version="1.0" encoding="UTF-8"?>
<!-- Generated by org.testng.reporters.JUnitReportReporter -->
<testsuite skipped="0" hostname="DESKTOP-O1MODL2" name="pagescripts.Amazinlogin" tests="1" failures="0" timestamp="20 Apr 2019 21:07:50 GMT" time="66.763" errors="0">
  <testcase name="amazonsignin" time="66.763" classname="pagescripts.Amazinlogin"/>
</testsuite> <!-- pagescripts.Amazinlogin -->
