<?xml version="1.0" encoding="UTF-8"?>
<!-- Generated by org.testng.reporters.JUnitReportReporter -->
<testsuite skipped="0" hostname="DESKTOP-O1MODL2" name="abhibuspagescripts.Firstpgefunc" tests="1" failures="0" timestamp="27 Apr 2019 20:16:44 GMT" time="65.661" errors="0">
  <testcase name="busdetailsenter" time="65.661" classname="abhibuspagescripts.Firstpgefunc"/>
</testsuite> <!-- abhibuspagescripts.Firstpgefunc -->
